============================= test session starts =============================
platform win32 -- Python 3.11.2, pytest-9.0.2, pluggy-1.6.0 -- C:\Harsh\Main Projects\tmp\FinanceBrain\myvenv\Scripts\python.exe
cachedir: .pytest_cache
rootdir: C:\Harsh\Main Projects\tmp\FinanceBrain
configfile: pytest.ini
testpaths: tests
plugins: anyio-4.12.0, asyncio-1.3.0, cov-7.0.0, env-1.2.0, mock-3.15.1
asyncio: mode=Mode.AUTO, debug=False, asyncio_default_fixture_loop_scope=None, asyncio_default_test_loop_scope=function
collecting ... collected 18 items

tests/test_memory_system.py::TestMemoryManager::test_memory_manager_initialization PASSED [  5%]
tests/test_memory_system.py::TestMemoryManager::test_long_term_memory_blocks_created PASSED [ 11%]
tests/test_memory_system.py::TestMemoryManager::test_token_limit_configuration PASSED [ 16%]
tests/test_models.py::TestModelManager::test_llm_singleton_pattern PASSED [ 22%]
tests/test_models.py::TestModelManager::test_embed_model_singleton_pattern PASSED [ 27%]
tests/test_models.py::TestModelManager::test_get_llm_convenience_function PASSED [ 33%]
tests/test_models.py::TestModelManager::test_get_embed_model_convenience_function PASSED [ 38%]
tests/test_rate_limiting.py::TestRateLimiting::test_rate_limit_allows_requests_under_limit PASSED [ 44%]
tests/test_rate_limiting.py::TestRateLimiting::test_rate_limit_enforces_limit PASSED [ 50%]
tests/test_rate_limiting.py::TestRateLimiting::test_rate_limiter_with_sync_function PASSED [ 55%]
tests/test_rate_limiting.py::TestRateLimiting::test_rate_limiter_with_async_function PASSED [ 61%]
tests/test_rate_limiting.py::TestRateLimiting::test_concurrent_rate_limited_calls PASSED [ 66%]
tests/test_rate_limiting.py::TestRateLimiting::test_get_stats PASSED     [ 72%]
tests/test_rate_limiting.py::TestRateLimiting::test_sliding_window_cleanup PASSED [ 77%]
tests/test_tools.py::TestContentAnalyzer::test_sentiment_analysis PASSED [ 83%]
tests/test_tools.py::TestContentAnalyzer::test_entity_extraction PASSED  [ 88%]
tests/test_tools.py::TestContentAnalyzer::test_structure_analysis PASSED [ 94%]
tests/test_tools.py::TestContentAnalyzer::test_comprehensive_analysis PASSED [100%]

============================ slowest 10 durations =============================
60.01s call     tests/test_rate_limiting.py::TestRateLimiting::test_concurrent_rate_limited_calls
60.01s call     tests/test_rate_limiting.py::TestRateLimiting::test_rate_limit_enforces_limit
1.64s setup    tests/test_memory_system.py::TestMemoryManager::test_memory_manager_initialization
0.15s setup    tests/test_memory_system.py::TestMemoryManager::test_token_limit_configuration
0.15s setup    tests/test_memory_system.py::TestMemoryManager::test_long_term_memory_blocks_created
0.02s call     tests/test_rate_limiting.py::TestRateLimiting::test_rate_limiter_with_async_function
0.01s call     tests/test_models.py::TestModelManager::test_embed_model_singleton_pattern
0.01s setup    tests/test_tools.py::TestContentAnalyzer::test_sentiment_analysis
0.01s setup    tests/test_rate_limiting.py::TestRateLimiting::test_rate_limit_allows_requests_under_limit
0.00s setup    tests/test_rate_limiting.py::TestRateLimiting::test_rate_limiter_with_sync_function
======================= 18 passed in 136.66s (0:02:16) ========================
